<!DOCTYPE html SYSTEM "about:legacy-compat">
<html lang="en-US" data-preset="contrast" data-primary-color="#307FFF"><head><meta http-equiv="Content-Type" content="text/html; charset=UTF-8"><meta charset="UTF-8"><meta name="robots" content="noindex"><meta name="built-on" content="2024-06-08T10:04:58.9308603"><title>Batch обновление данных | Postgres Полезные русурсы</title><script type="application/json" id="virtual-toc-data">[{"id":"batch-update","level":0,"title":"Пример работы с batch-update","anchor":"#batch-update"}]</script><script type="application/json" id="topic-shortcuts"></script><link href="frontend/app.css" rel="stylesheet"><meta name="msapplication-TileColor" content="#000000"><link rel="icon" type="image/png" sizes="32x32" href="writerside_32.png"><link rel="icon" type="image/png" sizes="64x64" href="writerside_64.png"><meta name="image" content=""><!-- Open Graph --><meta property="og:title" content="Batch обновление данных | Postgres Полезные русурсы"><meta property="og:description" content=""><meta property="og:image" content=""><meta property="og:site_name" content="Postgres Полезные русурсы Help"><meta property="og:type" content="website"><meta property="og:locale" content="en_US"><meta property="og:url" content="writerside-documentation/howto-perfbatchupdate.html"><!-- End Open Graph --><!-- Twitter Card --><meta name="twitter:card" content="summary_large_image"><meta name="twitter:site" content=""><meta name="twitter:title" content="Batch обновление данных | Postgres Полезные русурсы"><meta name="twitter:description" content=""><meta name="twitter:creator" content=""><meta name="twitter:image:src" content=""><!-- End Twitter Card --><!-- Schema.org WebPage --><script type="application/ld+json">{
    "@context": "http://schema.org",
    "@type": "WebPage",
    "@id": "writerside-documentation/howto-perfbatchupdate.html#webpage",
    "url": "writerside-documentation/howto-perfbatchupdate.html",
    "name": "Batch обновление данных | Postgres Полезные русурсы",
    "description": "",
    "image": "",
    "inLanguage":"en-US"
}</script><!-- End Schema.org --><!-- Schema.org WebSite --><script type="application/ld+json">{
    "@type": "WebSite",
    "@id": "writerside-documentation/#website",
    "url": "writerside-documentation/",
    "name": "Postgres Полезные русурсы Help"
}</script><!-- End Schema.org --></head><body data-id="howto-perfbatchupdate" data-main-title="Batch обновление данных" data-article-props="{&quot;seeAlsoStyle&quot;:&quot;links&quot;}" data-template="article" data-breadcrumbs="Default-topic.md|Postgres - полезные ресурсы, руководства подсказки, советы///How-to.md|Советы///howto-customgeneric.md|Общее"><div class="wrapper"><main class="panel _main"><header class="panel__header"><div class="container"><h3>Postgres Полезные русурсы  Help</h3><div class="panel-trigger"></div></div></header><section class="panel__content"><div class="container"><article class="article" data-shortcut-switcher="inactive"><h1 data-toc="howto-perfbatchupdate" id="howto-perfbatchupdate.md">Batch обновление данных</h1><p id="d6w1r2_2">Обновление большого объема данных связано с некоторыми проблемами, основными из которых являются собственно сам большой объем данных и длительность транзакции. Для обновления или удаления большого объема данных лучше использовать bath метод выполняя операции над небольшими объемами данных.</p><section class="chapter"><h2 id="batch-update" data-toc="batch-update">Пример работы с batch-update</h2><p id="d6w1r2_3">Создадим тестовую таблицу для дальнейшего обновления.</p><div class="code-collapse" data-lang="sql" data-is-expanded="false" data-synopsis="Создание тестовой таблицы">
drop table if exists tbltestbachdata;
create unlogged table tbltestbachdata(id int primary key not null generated by default as identity, 
                                      name text, newvalue text);
-- Заполняем тестовые данные
insert into tbltestbachdata(name)
select v::text ||'---'|| (random() * 100)::text as values
from generate_series(1,500000) as v;

select * from tbltestbachdata limit 10;
select count(*) from tbltestbachdata;
</div><p id="d6w1r2_5">Создадим тестовую таблицу-ключей, т.е. те данные которые мы хотели бы обновить</p><div class="code-collapse" data-lang="sql" data-is-expanded="false" data-synopsis="-- таблица ключей, которые нужно обновить">
-- таблица ключей, которые нужно обновить
drop table if exists keytbl;
create unlogged table keytbl as
    select ROW_NUMBER() OVER(ORDER BY id) row_id, -- создаем собственный упорядоченный счетчик
           id
    from tbltestbachdata
    limit 5001;
-------------------------------
create index on keytbl (row_id);
select * from keytbl limit 10;
</div><p id="d6w1r2_7">Данные упорядочены и в данном случае совпадают значения <code class="code" id="d6w1r2_8">rowid</code> и <code class="code" id="d6w1r2_9">id</code></p><div class="table-wrapper"><table class="wide" id="d6w1r2_10"><thead><tr class="ijRowHead" id="d6w1r2_11"><th id="d6w1r2_12"><p>rowid</p></th><th id="d6w1r2_13"><p>id</p></th></tr></thead><tbody><tr id="d6w1r2_14"><td id="d6w1r2_15"><p>1</p></td><td id="d6w1r2_16"><p>1</p></td></tr><tr id="d6w1r2_17"><td id="d6w1r2_18"><p>2</p></td><td id="d6w1r2_19"><p>2</p></td></tr><tr id="d6w1r2_20"><td id="d6w1r2_21"><p>3</p></td><td id="d6w1r2_22"><p>3</p></td></tr><tr id="d6w1r2_23"><td id="d6w1r2_24"><p>4</p></td><td id="d6w1r2_25"><p>4</p></td></tr><tr id="d6w1r2_26"><td id="d6w1r2_27"><p>5</p></td><td id="d6w1r2_28"><p>5</p></td></tr></tbody></table></div><p id="d6w1r2_29">Как вариант, попробуем другой способ для большей наглядности:</p><div class="code-collapse" data-lang="sql" data-is-expanded="false" data-synopsis="drop table if exists keytbl;">
drop table if exists keytbl;
create unlogged table keytbl as
    with a as
        (select id from tbltestbachdata order by random() limit 5001)
    select row_number() over ( order by a.id) as row_id, a.id from a;
create index on keytbl (row_id);
select * from keytbl limit 10;
</div><p id="d6w1r2_31">В данном случае <code class="code" id="d6w1r2_32">rowid</code> и <code class="code" id="d6w1r2_33">id</code> не совпадают, но rowid упорядоченны</p><div class="table-wrapper"><table class="wide" id="d6w1r2_34"><thead><tr class="ijRowHead" id="d6w1r2_35"><th id="d6w1r2_36"><p>rowid</p></th><th id="d6w1r2_37"><p>id</p></th></tr></thead><tbody><tr id="d6w1r2_38"><td id="d6w1r2_39"><p>1</p></td><td id="d6w1r2_40"><p>1967</p></td></tr><tr id="d6w1r2_41"><td id="d6w1r2_42"><p>2</p></td><td id="d6w1r2_43"><p>2067</p></td></tr><tr id="d6w1r2_44"><td id="d6w1r2_45"><p>3</p></td><td id="d6w1r2_46"><p>2818</p></td></tr><tr id="d6w1r2_47"><td id="d6w1r2_48"><p>4</p></td><td id="d6w1r2_49"><p>2930</p></td></tr><tr id="d6w1r2_50"><td id="d6w1r2_51"><p>5</p></td><td id="d6w1r2_52"><p>4262</p></td></tr></tbody></table></div><p id="d6w1r2_53">Обновление стандартным образом:</p><div class="code-block" data-lang="sql">
update tbltestbachdata s
set newvalue=s.name || 'upd'
from keytbl toup
where toup.id = s.id;
</div><p id="d6w1r2_55">План стандартного обновления:</p><div class="code-collapse" data-lang="plaintext" data-is-expanded="false" data-synopsis="duration: 59.561 ms  plan:">
duration: 59.561 ms  plan:
Query Text: update tbltestbachdata s
set newvalue=s.name || 'upd'
from keytbl toup
where toup.id = s.id
Update on public.tbltestbachdata s  (cost=0.43..13972.96 rows=0 width=0) (actual time=59.559..59.560 rows=0 loops=1)
Buffers: shared hit=64620 dirtied=56 written=56
-&gt;  Nested Loop  (cost=0.43..13972.96 rows=5001 width=44) (actual time=0.038..27.739 rows=5001 loops=1)
Output: (s.name || 'upd'::text), s.ctid, toup.ctid
Inner Unique: true
Buffers: shared hit=24962
-&gt;  Seq Scan on public.keytbl toup  (cost=0.00..78.01 rows=5001 width=10) (actual time=0.021..1.818 rows=5001 loops=1)
Output: toup.ctid, toup.id
Buffers: shared hit=28
-&gt;  Index Scan using tbltestbachdata_pkey on public.tbltestbachdata s  (cost=0.43..2.78 rows=1 width=36) (actual time=0.003..0.003 rows=1 loops=5001)
Output: s.name, s.ctid, s.id
Index Cond: (s.id = toup.id)
Buffers: shared hit=24934
Query Identifier: 1565367553360455538
[2024-05-31 20:02:41] 5,001 rows affected in 64 ms
</div><p id="d6w1r2_57">Обновление с использованием batch-update</p><div class="code-block" data-lang="sql">
do
$$
    declare
        total_count  int = (select count(*) from keytbl);
        batch_size  int = 1000;
        iterations int = (total_count / batch_size);
        ----------------
        start_id int = batch_size;
        end_id int = (1) * batch_size;
    begin
        raise notice 'total_count=% batch_size=% iterations=%',total_count, batch_size, iterations;

        for i in 0..iterations loop
            start_id = i * batch_size;
            end_id = (i+1) * batch_size;
            raise notice 'start_id=% end_id=% iterations=%',start_id, end_id, i;

                update tbltestbachdata s
                set newvalue=s.name || 'upd'
                from keytbl toup
                where toup.id=s.id and
                    toup.row_id&gt;start_id and toup.row_id&lt;=end_id;

            --perform pg_sleep(1);
        end loop;
    end;
$$;
</div><p id="d6w1r2_59">План выполнения:</p><div class="code-collapse" data-lang="plaintext" data-is-expanded="false" data-synopsis="update tbltestbachdata s">
update tbltestbachdata s
set newvalue=s.name || 'upd'
from keytbl toup
where toup.id=s.id and
toup.row_id&gt;start_id and toup.row_id&lt;=end_id
Update on public.tbltestbachdata s  (cost=0.71..3314.31 rows=0 width=0) (actual time=17.323..17.324 rows=0 loops=1)
Buffers: shared hit=13423 dirtied=8 written=8
-&gt;  Nested Loop  (cost=0.71..3314.31 rows=999 width=44) (actual time=0.041..5.217 rows=1000 loops=1)
Output: (s.name || 'upd'::text), s.ctid, toup.ctid
Inner Unique: true
Buffers: shared hit=4546
-&gt;  Index Scan using keytbl_row_id_idx on public.keytbl toup  (cost=0.28..32.76 rows=999 width=10) (actual time=0.027..0.499 rows=1000 loops=1)
Output: toup.ctid, toup.id
Index Cond: ((toup.row_id &gt; 0) AND (toup.row_id &lt;= 1000))
Buffers: shared hit=10
-&gt;  Index Scan using tbltestbachdata_pkey on public.tbltestbachdata s  (cost=0.43..3.28 rows=1 width=36) (actual time=0.003..0.003 rows=1 loops=1000)
Output: s.name, s.ctid, s.id
Index Cond: (s.id = toup.id)
Buffers: shared hit=4536
</div><p id="d6w1r2_61">Обращаем внимание на использование индексов:</p><ul class="list _bullet" id="d6w1r2_62"><li class="list__item" id="d6w1r2_63"><p>Index Scan using keytbl_row_id_idx on public.keytbl</p></li><li class="list__item" id="d6w1r2_64"><p>Index Scan using tbltestbachdata_pkey on public.tbltestbachdata</p></li></ul><p id="d6w1r2_65">Время выполнения при использовании batch-update может быть <span class="control" id="d6w1r2_66">больше</span>, чем при использовании стандартного обновления. Но стоит обратить внимание на строку <code class="code" id="d6w1r2_67">perform pg_sleep(1);</code> - которая делает паузу между обновлениями, что дает промежуток времени другим операциям для работы с таблицей.</p><p id="d6w1r2_68">В данном случае у вас есть пространство для маневра - подобрать более оптимальное количество строк для обновления за один раз в соответствии с доступными ресурсами.</p></section><div class="last-modified">Last modified: 08 июня 2024</div><div data-feedback-placeholder="true"></div><div class="navigation-links _bottom"><a href="howto-perfquery.html" class="navigation-links__prev">Оптимизация запросов</a><a href="howto-likeoperator.html" class="navigation-links__next">Операция Like</a></div></article><div id="disqus_thread"></div></div></section></main></div><script src="frontend/app.js"></script></body></html>